Build started 4.10.2013 18:47:52.
     1>Project "F:\CEN133-SOFTWARE ENGINEER\PROJECTS\GRADE WITH RANDOM NUMBER\GRADE WITH RANDOM NUMBER\GRADE WITH RANDOM NUMBER.vcxproj" on node 2 (build target(s)).
     1>InitializeBuildStatus:
         Creating "Debug\GRADE WITH RANDOM NUMBER.unsuccessfulbuild" because "AlwaysCreate" was specified.
       ClCompile:
         C:\Program Files (x86)\Microsoft Visual Studio 10.0\VC\bin\CL.exe /c /ZI /nologo /W3 /WX- /Od /Oy- /D "WIN32" /D _DEBUG /D _CONSOLE /D "_UNICODE" /D "UNICODE" /Gm /EHsc /RTC1 /MDd /GS /fp:precise /Zc:wchar_t /Zc:forScope /Fo"Debug\\" /Fd"Debug\vc100.pdb" /Gd /TC /analyze- /errorReport:prompt grade.c
         grade.c
     1>f:\cen133-software engineer\projects\grade with random number\grade with random number\grade.c(13): warning C4244: 'function' : conversion from 'time_t' to 'unsigned int', possible loss of data
     1>f:\cen133-software engineer\projects\grade with random number\grade with random number\grade.c(20): warning C4996: 'scanf': This function or variable may be unsafe. Consider using scanf_s instead. To disable deprecation, use _CRT_SECURE_NO_WARNINGS. See online help for details.
                 c:\program files (x86)\microsoft visual studio 10.0\vc\include\stdio.h(304) : see declaration of 'scanf'
     1>f:\cen133-software engineer\projects\grade with random number\grade with random number\grade.c(41): error C2059: syntax error : ')'
     1>Done Building Project "F:\CEN133-SOFTWARE ENGINEER\PROJECTS\GRADE WITH RANDOM NUMBER\GRADE WITH RANDOM NUMBER\GRADE WITH RANDOM NUMBER.vcxproj" (build target(s)) -- FAILED.

Build FAILED.

Time Elapsed 00:00:00.07
